<?xml version="1.0" encoding="UTF-8"?>
<!-- Generated by org.testng.reporters.JUnitReportReporter -->
<testsuite hostname="LIT09759L" failures="0" tests="1" name="rahulshettyacademy.tests.ErrorValidations" time="6.794" errors="0" timestamp="09 Feb 2023 00:39:32 GMT" skipped="0">
  <testcase classname="rahulshettyacademy.tests.ErrorValidations" name="submitOrder" time="6.794"/>
</testsuite> <!-- rahulshettyacademy.tests.ErrorValidations -->
