<?xml version="1.0" encoding="UTF-8"?>
<!-- Generated by org.testng.reporters.JUnitReportReporter -->
<testsuite skipped="0" hostname="LIT09759L" name="rahulshettyacademy.tests.SubmitOrderTest" tests="3" failures="0" timestamp="16 Feb 2023 01:31:05 GMT" time="37.294" errors="0">
  <testcase name="submitOrder" time="12.216" classname="rahulshettyacademy.tests.SubmitOrderTest"/>
  <testcase name="orderHistoryTest" time="8.327" classname="rahulshettyacademy.tests.SubmitOrderTest"/>
  <testcase name="submitOrder" time="16.751" classname="rahulshettyacademy.tests.SubmitOrderTest"/>
</testsuite> <!-- rahulshettyacademy.tests.SubmitOrderTest -->
