<?xml version="1.0" encoding="UTF-8"?>
<!-- Generated by org.testng.reporters.JUnitReportReporter -->
<testsuite skipped="0" hostname="LIT09759L" name="rahulshettyacademy.tests.ErrorValidationsTest" tests="2" failures="0" timestamp="16 Feb 2023 01:31:05 GMT" time="23.109" errors="0">
  <testcase name="productErrorValidation" time="11.267" classname="rahulshettyacademy.tests.ErrorValidationsTest"/>
  <testcase name="loginErrorValidation" time="11.842" classname="rahulshettyacademy.tests.ErrorValidationsTest"/>
</testsuite> <!-- rahulshettyacademy.tests.ErrorValidationsTest -->
